<?xml version="1.0" encoding="UTF-8"?>
<!-- Generated by org.testng.reporters.JUnitReportReporter -->
<testsuite hostname="LAPTOP-M6B8PAA6" name="pagelibrary.com.ranford.test_excute" tests="2" failures="0" timestamp="13 Jun 2018 03:42:52 GMT" time="10.807" errors="0">
  <testcase name="verify_login" time="6.604" classname="pagelibrary.com.ranford.test_excute"/>
  <testcase name="verify_login" time="4.203" classname="pagelibrary.com.ranford.test_excute"/>
</testsuite> <!-- pagelibrary.com.ranford.test_excute -->
