<?xml version="1.0" encoding="UTF-8"?>
<!-- Generated by org.testng.reporters.JUnitReportReporter -->
<testsuite hostname="LAPTOP-M6B8PAA6" name="pagelibrary.com.ranford.test_excute" tests="3" failures="0" timestamp="8 Jun 2018 04:26:34 GMT" time="21.377" errors="0">
  <testcase name="verify_login" time="3.223" classname="pagelibrary.com.ranford.test_excute"/>
  <testcase name="verify_branches" time="4.952" classname="pagelibrary.com.ranford.test_excute"/>
  <testcase name="verify_content" time="13.202" classname="pagelibrary.com.ranford.test_excute"/>
</testsuite> <!-- pagelibrary.com.ranford.test_excute -->
